Traceback (most recent call last):
  File "/usr/local/lib/python3.12/dist-packages/jupyter_core/utils/__init__.py", line 154, in wrapped
    asyncio.get_running_loop()
RuntimeError: no running event loop

During handling of the above exception, another exception occurred:

Traceback (most recent call last):
  File "/usr/local/lib/python3.12/dist-packages/jupyter_cache/executors/utils.py", line 58, in single_nb_execution
    executenb(
  File "/usr/local/lib/python3.12/dist-packages/nbclient/client.py", line 1319, in execute
    return NotebookClient(nb=nb, resources=resources, km=km, **kwargs).execute()
           ^^^^^^^^^^^^^^^^^^^^^^^^^^^^^^^^^^^^^^^^^^^^^^^^^^^^^^^^^^^^^^^^^^^^^
  File "/usr/local/lib/python3.12/dist-packages/jupyter_core/utils/__init__.py", line 158, in wrapped
    return loop.run_until_complete(inner)
           ^^^^^^^^^^^^^^^^^^^^^^^^^^^^^^
  File "/usr/lib/python3.12/asyncio/base_events.py", line 691, in run_until_complete
    return future.result()
           ^^^^^^^^^^^^^^^
  File "/usr/local/lib/python3.12/dist-packages/nbclient/client.py", line 709, in async_execute
    await self.async_execute_cell(
  File "/usr/local/lib/python3.12/dist-packages/nbclient/client.py", line 1062, in async_execute_cell
    await self._check_raise_for_error(cell, cell_index, exec_reply)
  File "/usr/local/lib/python3.12/dist-packages/nbclient/client.py", line 918, in _check_raise_for_error
    raise CellExecutionError.from_cell_and_msg(cell, exec_reply_content)
nbclient.exceptions.CellExecutionError: An error occurred while executing the following cell:
------------------
# Koneksi ke default DB untuk buat database baru
conn = psycopg2.connect(
    dbname="postgres", user=PG_USER, password=PG_PASSWORD, host=PG_HOST, port=PG_PORT
)
conn.autocommit = True
cur = conn.cursor()

# Buat database
try:
    cur.execute(sql.SQL("CREATE DATABASE {}").format(sql.Identifier(PG_DB)))
    print(f"Database {PG_DB} created successfully.")
except psycopg2.errors.DuplicateDatabase:
    print(f"Database {PG_DB} already exists.")

cur.close()
conn.close()
------------------


[0;31m---------------------------------------------------------------------------[0m
[0;31mOperationalError[0m                          Traceback (most recent call last)
[0;32m/tmp/ipython-input-3137645668.py[0m in [0;36m<cell line: 0>[0;34m()[0m
[1;32m      1[0m [0;31m# Koneksi ke default DB untuk buat database baru[0m[0;34m[0m[0;34m[0m[0m
[0;32m----> 2[0;31m conn = psycopg2.connect(
[0m[1;32m      3[0m     [0mdbname[0m[0;34m=[0m[0;34m"postgres"[0m[0;34m,[0m [0muser[0m[0;34m=[0m[0mPG_USER[0m[0;34m,[0m [0mpassword[0m[0;34m=[0m[0mPG_PASSWORD[0m[0;34m,[0m [0mhost[0m[0;34m=[0m[0mPG_HOST[0m[0;34m,[0m [0mport[0m[0;34m=[0m[0mPG_PORT[0m[0;34m[0m[0;34m[0m[0m
[1;32m      4[0m )
[1;32m      5[0m [0mconn[0m[0;34m.[0m[0mautocommit[0m [0;34m=[0m [0;32mTrue[0m[0;34m[0m[0;34m[0m[0m

[0;32m/usr/local/lib/python3.12/dist-packages/psycopg2/__init__.py[0m in [0;36mconnect[0;34m(dsn, connection_factory, cursor_factory, **kwargs)[0m
[1;32m    120[0m [0;34m[0m[0m
[1;32m    121[0m     [0mdsn[0m [0;34m=[0m [0m_ext[0m[0;34m.[0m[0mmake_dsn[0m[0;34m([0m[0mdsn[0m[0;34m,[0m [0;34m**[0m[0mkwargs[0m[0;34m)[0m[0;34m[0m[0;34m[0m[0m
[0;32m--> 122[0;31m     [0mconn[0m [0;34m=[0m [0m_connect[0m[0;34m([0m[0mdsn[0m[0;34m,[0m [0mconnection_factory[0m[0;34m=[0m[0mconnection_factory[0m[0;34m,[0m [0;34m**[0m[0mkwasync[0m[0;34m)[0m[0;34m[0m[0;34m[0m[0m
[0m[1;32m    123[0m     [0;32mif[0m [0mcursor_factory[0m [0;32mis[0m [0;32mnot[0m [0;32mNone[0m[0;34m:[0m[0;34m[0m[0;34m[0m[0m
[1;32m    124[0m         [0mconn[0m[0;34m.[0m[0mcursor_factory[0m [0;34m=[0m [0mcursor_factory[0m[0;34m[0m[0;34m[0m[0m

[0;31mOperationalError[0m: connection to server at "localhost" (127.0.0.1), port 5432 failed: Connection refused
	Is the server running on that host and accepting TCP/IP connections?
connection to server at "localhost" (::1), port 5432 failed: Cannot assign requested address
	Is the server running on that host and accepting TCP/IP connections?


